[debug] [2024-04-01T17:14:16.682Z] ----------------------------------------------------------------------
[debug] [2024-04-01T17:14:16.690Z] Command:       /usr/local/bin/node /usr/local/bin/firebase init
[debug] [2024-04-01T17:14:16.690Z] CLI Version:   13.6.0
[debug] [2024-04-01T17:14:16.690Z] Platform:      darwin
[debug] [2024-04-01T17:14:16.690Z] Node Version:  v20.12.0
[debug] [2024-04-01T17:14:16.690Z] Time:          Mon Apr 01 2024 20:14:16 GMT+0300 (GMT+03:00)
[debug] [2024-04-01T17:14:16.690Z] ----------------------------------------------------------------------
[debug] 
[debug] [2024-04-01T17:14:16.723Z] > command requires scopes: ["email","openid","https://www.googleapis.com/auth/cloudplatformprojects.readonly","https://www.googleapis.com/auth/firebase","https://www.googleapis.com/auth/cloud-platform"]
[debug] [2024-04-01T17:14:16.723Z] > authorizing via signed-in user (abboud@37wave.com)
[info] 
     ######## #### ########  ######## ########     ###     ######  ########
     ##        ##  ##     ## ##       ##     ##  ##   ##  ##       ##
     ######    ##  ########  ######   ########  #########  ######  ######
     ##        ##  ##    ##  ##       ##     ## ##     ##       ## ##
     ##       #### ##     ## ######## ########  ##     ##  ######  ########

You're about to initialize a Firebase project in this directory:

  /Users/abboud/Downloads/waves-library-site-5938b4.webflow

Before we get started, keep in mind:

  * You are initializing within an existing Firebase project directory

[info] 
=== Project Setup
[info] 
[info] First, let's associate this project directory with a Firebase project.
[info] You can create multiple project aliases by running firebase use --add, 
[info] but for now we'll just set up a default project.
[info] 
[debug] [2024-04-01T17:14:43.815Z] Using project from CLI flag: wave-93ac5
[debug] [2024-04-01T17:14:43.817Z] >>> [apiv2][query] GET https://firebase.googleapis.com/v1beta1/projects/wave-93ac5 [none]
[debug] [2024-04-01T17:14:44.814Z] <<< [apiv2][status] GET https://firebase.googleapis.com/v1beta1/projects/wave-93ac5 200
[debug] [2024-04-01T17:14:44.814Z] <<< [apiv2][body] GET https://firebase.googleapis.com/v1beta1/projects/wave-93ac5 {"projectId":"wave-93ac5","projectNumber":"435691489768","displayName":"37wave","name":"projects/wave-93ac5","resources":{"hostingSite":"wave-93ac5"},"state":"ACTIVE","etag":"1_4417e7a9-ee66-49f0-92b8-f28cb48b13ac"}
[info] i  Using project wave-93ac5 (37wave) 
[info] 
=== Hosting Setup
[debug] [2024-04-01T17:14:44.825Z] >>> [apiv2][query] GET https://firebase.googleapis.com/v1beta1/projects/wave-93ac5 [none]
[debug] [2024-04-01T17:14:45.354Z] <<< [apiv2][status] GET https://firebase.googleapis.com/v1beta1/projects/wave-93ac5 200
[debug] [2024-04-01T17:14:45.354Z] <<< [apiv2][body] GET https://firebase.googleapis.com/v1beta1/projects/wave-93ac5 {"projectId":"wave-93ac5","projectNumber":"435691489768","displayName":"37wave","name":"projects/wave-93ac5","resources":{"hostingSite":"wave-93ac5"},"state":"ACTIVE","etag":"1_4417e7a9-ee66-49f0-92b8-f28cb48b13ac"}
[info] 
[info] Your public directory is the folder (relative to your project directory) that
[info] will contain Hosting assets to be uploaded with firebase deploy. If you
[info] have a build process for your assets, use your build's output directory.
[info] 
[info] ✔  Wrote public/404.html 
[debug] [2024-04-01T17:15:08.243Z] >>> [apiv2][query] GET https://www.gstatic.com/firebasejs/releases.json [none]
[debug] [2024-04-01T17:15:08.952Z] <<< [apiv2][status] GET https://www.gstatic.com/firebasejs/releases.json 200
[debug] [2024-04-01T17:15:08.952Z] <<< [apiv2][body] GET https://www.gstatic.com/firebasejs/releases.json {"current":{"version":"10.10.0","browserURL":"https://www.gstatic.com/firebasejs/10.10.0/firebase.js","packageURL":"https://www.gstatic.com/firebasejs/10.10.0/firebase.tgz"},"live":{"version":"10.10","browserURL":"https://www.gstatic.com/firebasejs/live/10.10/firebase.js","packageURL":"https://www.gstatic.com/firebasejs/live/10.10/firebase.tgz"},"components":{"analytics":"https://www.gstatic.com/firebasejs/10.10.0/firebase-analytics.js","app":"https://www.gstatic.com/firebasejs/10.10.0/firebase-app.js","app-check":"https://www.gstatic.com/firebasejs/10.10.0/firebase-app-check.js","auth":"https://www.gstatic.com/firebasejs/10.10.0/firebase-auth.js","auth/cordova":"https://www.gstatic.com/firebasejs/10.10.0/firebase-auth/cordova.js","auth/web-extension":"https://www.gstatic.com/firebasejs/10.10.0/firebase-auth/web-extension.js","functions":"https://www.gstatic.com/firebasejs/10.10.0/firebase-functions.js","firestore":"https://www.gstatic.com/firebasejs/10.10.0/firebase-firestore.js","firestore/lite":"https://www.gstatic.com/firebasejs/10.10.0/firebase-firestore/lite.js","installations":"https://www.gstatic.com/firebasejs/10.10.0/firebase-installations.js","storage":"https://www.gstatic.com/firebasejs/10.10.0/firebase-storage.js","performance":"https://www.gstatic.com/firebasejs/10.10.0/firebase-performance.js","remote-config":"https://www.gstatic.com/firebasejs/10.10.0/firebase-remote-config.js","messaging":"https://www.gstatic.com/firebasejs/10.10.0/firebase-messaging.js","messaging/sw":"https://www.gstatic.com/firebasejs/10.10.0/firebase-messaging/sw.js","database":"https://www.gstatic.com/firebasejs/10.10.0/firebase-database.js","firestore.memory":"https://www.gstatic.com/firebasejs/10.10.0/firebase-firestore.memory.js"}}
[info] ✔  Wrote public/index.html 
[info] 
[info] i  Didn't detect a .git folder. Assuming /Users/abboud/Downloads/waves-library-site-5938b4.webflow is the project root. 
[info] i  Authorizing with GitHub to upload your service account to a GitHub repository's secrets store. 
[info] 
[info] Visit this URL on this device to log in:
[info] https://github.com/login/oauth/authorize?client_id=89cf50f02ac6aaed3484&state=582532506&redirect_uri=http%3A%2F%2Flocalhost%3A9005&scope=read%3Auser%20repo%20public_repo
[info] 
[info] Waiting for authentication...
[debug] [2024-04-01T17:15:21.686Z] >>> [apiv2][query] POST https://github.com/login/oauth/access_token [none]
[debug] [2024-04-01T17:15:21.687Z] >>> [apiv2][body] POST https://github.com/login/oauth/access_token [stream]
[debug] [2024-04-01T17:15:22.739Z] <<< [apiv2][status] POST https://github.com/login/oauth/access_token 200
[debug] [2024-04-01T17:15:22.739Z] <<< [apiv2][body] POST https://github.com/login/oauth/access_token {"access_token":"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","token_type":"bearer","scope":"read:user,repo"}
[debug] [2024-04-01T17:15:22.749Z] >>> [apiv2][query] GET https://api.github.com/user [none]
[debug] [2024-04-01T17:15:23.812Z] <<< [apiv2][status] GET https://api.github.com/user 200
[debug] [2024-04-01T17:15:23.812Z] <<< [apiv2][body] GET https://api.github.com/user {"login":"abboud99t37","id":165660782,"node_id":"U_kgDOCd_Ibg","avatar_url":"https://avatars.githubusercontent.com/u/165660782?v=4","gravatar_id":"","url":"https://api.github.com/users/abboud99t37","html_url":"https://github.com/abboud99t37","followers_url":"https://api.github.com/users/abboud99t37/followers","following_url":"https://api.github.com/users/abboud99t37/following{/other_user}","gists_url":"https://api.github.com/users/abboud99t37/gists{/gist_id}","starred_url":"https://api.github.com/users/abboud99t37/starred{/owner}{/repo}","subscriptions_url":"https://api.github.com/users/abboud99t37/subscriptions","organizations_url":"https://api.github.com/users/abboud99t37/orgs","repos_url":"https://api.github.com/users/abboud99t37/repos","events_url":"https://api.github.com/users/abboud99t37/events{/privacy}","received_events_url":"https://api.github.com/users/abboud99t37/received_events","type":"User","site_admin":false,"name":null,"company":null,"blog":"","location":null,"email":null,"hireable":null,"bio":null,"twitter_username":null,"public_repos":0,"public_gists":0,"followers":0,"following":0,"created_at":"2024-04-01T10:52:09Z","updated_at":"2024-04-01T11:15:35Z","private_gists":0,"total_private_repos":0,"owned_private_repos":0,"disk_usage":0,"collaborators":0,"two_factor_authentication":false,"plan":{"name":"free","space":976562499,"collaborators":0,"private_repos":10000}}
[info] 
[info] ✔  Success! Logged into GitHub as abboud99t37 
[info] 
